<?xml version="1.0" encoding="UTF-8"?>
<!-- Generated by org.testng.reporters.JUnitReportReporter -->
<testsuite skipped="0" hostname="LAPTOP-1F0JMU93" name="com.TestCases.VerifyMinimumAmountTransfer" tests="1" failures="0" timestamp="31 Dec 2018 15:19:59 GMT" time="18.567" errors="0">
  <testcase name="verifyMinimumTransfer" time="18.567" classname="com.TestCases.VerifyMinimumAmountTransfer"/>
</testsuite> <!-- com.TestCases.VerifyMinimumAmountTransfer -->
