<?xml version="1.0" encoding="UTF-8"?>
<!-- Generated by org.testng.reporters.JUnitReportReporter -->
<testsuite skipped="0" hostname="LAPTOP-1F0JMU93" name="com.TestCases.VerifyEnablingEDocuments" tests="1" failures="0" timestamp="03 Jan 2019 03:20:04 GMT" time="30.185" errors="0">
  <testcase name="verifyEnablingEDocuments" time="30.185" classname="com.TestCases.VerifyEnablingEDocuments"/>
</testsuite> <!-- com.TestCases.VerifyEnablingEDocuments -->
