<?xml version="1.0" encoding="UTF-8"?>
<!-- Generated by org.testng.reporters.JUnitReportReporter -->
<testsuite skipped="0" hostname="LAPTOP-1F0JMU93" name="com.TestCases.VerifyDailyMyTdecuAccountTransfer" tests="1" failures="0" timestamp="24 Jan 2019 20:21:25 GMT" time="34.742" errors="0">
  <testcase name="verifyDailyTransfer" time="34.742" classname="com.TestCases.VerifyDailyMyTdecuAccountTransfer"/>
</testsuite> <!-- com.TestCases.VerifyDailyMyTdecuAccountTransfer -->
