<?xml version="1.0" encoding="UTF-8"?>
<!-- Generated by org.testng.reporters.JUnitReportReporter -->
<testsuite skipped="0" hostname="LAPTOP-1F0JMU93" name="com.TestCases.TDB2019_VerifyOnetimeMyTdecuAccountTransfer" tests="1" failures="0" timestamp="07 Feb 2019 16:51:15 GMT" time="47.669" errors="0">
  <testcase name="verifyOneTimeTransfer" time="47.669" classname="com.TestCases.TDB2019_VerifyOnetimeMyTdecuAccountTransfer"/>
</testsuite> <!-- com.TestCases.TDB2019_VerifyOnetimeMyTdecuAccountTransfer -->
