<?xml version="1.0" encoding="UTF-8"?>
<!-- Generated by org.testng.reporters.JUnitReportReporter -->
<testsuite skipped="0" hostname="LAPTOP-1F0JMU93" name="com.framework.TDECU_Automation.VerifyOnetimeMyTdecuAccountTransfer" tests="1" failures="0" timestamp="27 Dec 2018 15:12:11 GMT" time="19.983" errors="0">
  <testcase name="verifyOneTimeTransfer" time="19.983" classname="com.framework.TDECU_Automation.VerifyOnetimeMyTdecuAccountTransfer"/>
</testsuite> <!-- com.framework.TDECU_Automation.VerifyOnetimeMyTdecuAccountTransfer -->
