<?xml version="1.0" encoding="UTF-8"?>
<!-- Generated by org.testng.reporters.JUnitReportReporter -->
<testsuite skipped="0" hostname="LAPTOP-1F0JMU93" name="com.TestCases.VerifyOnetimeMyTdecuAccountTransfer" tests="1" failures="0" timestamp="24 Jan 2019 20:21:25 GMT" time="33.927" errors="0">
  <testcase name="verifyOneTimeTransfer" time="33.927" classname="com.TestCases.VerifyOnetimeMyTdecuAccountTransfer"/>
</testsuite> <!-- com.TestCases.VerifyOnetimeMyTdecuAccountTransfer -->
