<?xml version="1.0" encoding="UTF-8"?>
<!-- Generated by org.testng.reporters.JUnitReportReporter -->
<testsuite skipped="0" hostname="LAPTOP-1F0JMU93" name="com.TestCases.VerifyDisablingEDocuments" tests="1" failures="0" timestamp="03 Jan 2019 03:15:21 GMT" time="17.808" errors="0">
  <testcase name="verifyDisablingEDocuments" time="17.808" classname="com.TestCases.VerifyDisablingEDocuments"/>
</testsuite> <!-- com.TestCases.VerifyDisablingEDocuments -->
