<?xml version="1.0" encoding="UTF-8"?>
<!-- Generated by org.testng.reporters.JUnitReportReporter -->
<testsuite skipped="0" hostname="LAPTOP-1F0JMU93" name="com.TestCases.VerifyOnetimeOtherTdecuAccountTransfer" tests="1" failures="0" timestamp="31 Dec 2018 15:19:59 GMT" time="16.324" errors="0">
  <testcase name="verifyOneTimeOtherTdecuAccountTransfer" time="16.324" classname="com.TestCases.VerifyOnetimeOtherTdecuAccountTransfer"/>
</testsuite> <!-- com.TestCases.VerifyOnetimeOtherTdecuAccountTransfer -->
